Vec Object: 4 MPI processes
  type: mpi
Process [0]
0.590896
-0.0225743
Process [1]
0.626265
0.213858
0.788029
0.622275
1.06652
376.991
2.48913
-0.90043
1.7891
0.322039
1.8521
0.501649
0.105042
0.291319
0.0487212
Process [2]
0.852458
0.019356
1.03229
0.203914
0.254849
376.991
3.33032
-0.0798802
1.06855
0.192339
1.0891
0.665589
-0.0242266
Process [3]
0.20631
0.0816038
0.767972
0.624167
0.944729
376.991
3.20439
-2.01921
1.40315
0.252567
1.43772
0.425474
-0.044119
0.000253814
-0.000873622
Vec Object: 4 MPI processes
  type: mpi
Process [0]
-0.260319
-0.921585
Process [1]
-0.0313385
-0.987905
0.750418
0.612219
5.61042
376.342
1.32984
0.913927
1.66613
0.2688
1.87098
-0.131926
-0.980622
-0.184207
-0.964461
Process [2]
-0.211232
-0.975038
0.990958
0.182604
4.73583
376.272
0.347683
0.53069
1.14695
0.176448
1.2875
-0.242227
-0.955677
Process [3]
-0.124079
-0.989513
0.77944
0.587042
5.40746
376.479
0.545782
0.567902
1.21589
0.192769
1.37618
-0.262359
-0.940165
-0.170115
-0.986182
************************************************************************************************************************
***             WIDEN YOUR WINDOW TO 120 CHARACTERS.  Use 'enscript -r -fCourier9' to print this document            ***
************************************************************************************************************************

---------------------------------------------- PETSc Performance Summary: ----------------------------------------------

./9bus_dm1 on a arch-cs595-o named fourier.cs.iit.edu with 4 processors, by bguha Thu Dec  1 16:05:55 2016
Using Petsc Development GIT revision: v3.7.4-11-g8a741b0  GIT Date: 2016-10-20 16:38:19 +0000

                         Max       Max/Min        Avg      Total 
Time (sec):           6.970e+00      1.00006   6.970e+00
Objects:              2.260e+02      1.10784   2.095e+02
Flops:                1.705e+07     13.02648   1.268e+07  5.071e+07
Flops/sec:            2.446e+06     13.02721   1.819e+06  7.277e+06
MPI Messages:         1.828e+05      1.00045   1.827e+05  7.309e+05
MPI Message Lengths:  1.125e+07      3.82947   4.846e+01  3.542e+07
MPI Reductions:       2.709e+04      1.00000

Flop counting convention: 1 flop = 1 real number operation of type (multiply/divide/add/subtract)
                            e.g., VecAXPY() for real vectors of length N --> 2N flops
                            and VecAXPY() for complex vectors of length N --> 8N flops

Summary of Stages:   ----- Time ------  ----- Flops -----  --- Messages ---  -- Message Lengths --  -- Reductions --
                        Avg     %Total     Avg     %Total   counts   %Total     Avg         %Total   counts   %Total 
 0:      Main Stage: 6.9577e+00  99.8%  5.0714e+07 100.0%  7.306e+05 100.0%  4.842e+01       99.9%  2.707e+04  99.9% 
 1:  Create network: 1.1854e-02   0.2%  0.0000e+00   0.0%  2.580e+02   0.0%  3.646e-02        0.1%  1.600e+01   0.1% 

------------------------------------------------------------------------------------------------------------------------
See the 'Profiling' chapter of the users' manual for details on interpreting output.
Phase summary info:
   Count: number of times phase was executed
   Time and Flops: Max - maximum over all processors
                   Ratio - ratio of maximum to minimum over all processors
   Mess: number of messages sent
   Avg. len: average message length (bytes)
   Reduct: number of global reductions
   Global: entire computation
   Stage: stages of a computation. Set stages with PetscLogStagePush() and PetscLogStagePop().
      %T - percent time in this phase         %F - percent flops in this phase
      %M - percent messages in this phase     %L - percent message lengths in this phase
      %R - percent reductions in this phase
   Total Mflop/s: 10e-6 * (sum of flops over all processors)/(max time over all processors)
------------------------------------------------------------------------------------------------------------------------
Event                Count      Time (sec)     Flops                             --- Global ---  --- Stage ---   Total
                   Max Ratio  Max     Ratio   Max  Ratio  Mess   Avg len Reduct  %T %F %M %L %R  %T %F %M %L %R Mflop/s
------------------------------------------------------------------------------------------------------------------------

--- Event Stage 0: Main Stage

VecView                3 3.0 8.9979e-04 3.4 0.00e+00 0.0 3.0e+00 1.2e+02 2.0e+00  0  0  0  0  0   0  0  0  0  0     0
VecMax                 7 0.0 1.5733e-02 0.0 0.00e+00 0.0 1.6e+01 4.0e+00 0.0e+00  0  0  0  0  0   0  0  0  0  0     0
VecDotBarrier          2 0.0 2.6178e-04 0.0 0.00e+00 0.0 3.0e+00 1.1e+02 0.0e+00  0  0  0  0  0   0  0  0  0  0     0
VecMDot            11241 0.0 8.1402e-01 0.0 2.10e+05 0.0 0.0e+00 0.0e+00 2.8e+03  3  0  0  0 10   3  0  0  0 10     0
VecNormBarrier     11241 0.0 1.1759e+00 0.0 2.03e+06 0.0 0.0e+00 0.0e+00 8.4e+03 12 11  0  0 31  12 11  0  0 31     5
VecNorm            12734 0.0 9.8844e-01 0.0 5.09e+04 0.0 0.0e+00 0.0e+00 3.2e+03  4  0  0  0 12   4  0  0  0 12     0
VecScale           12731 0.0 1.0658e-02 0.0 2.55e+04 0.0 0.0e+00 0.0e+00 0.0e+00  0  0  0  0  0   0  0  0  0  0     2
VecCopy            27220 0.0 9.3522e-03 0.0 0.00e+00 0.0 0.0e+00 0.0e+00 0.0e+00  0  0  0  0  0   0  0  0  0  0     0
VecSet             68145 5.4 1.1109e+0060.5 3.82e+05 0.0 0.0e+00 0.0e+00 9.6e+03 11  2  0  0 35  11  2  0  0 35     1
VecAXPY            50862 4.0 1.5045e-02 1.9 2.03e+05 1.2 0.0e+00 0.0e+00 0.0e+00  0  1  0  0  0   0  1  0  0  0    50
VecAYPX            27220 0.0 1.2398e-02 0.0 0.00e+00 0.0 0.0e+00 0.0e+00 0.0e+00  0  0  0  0  0   0  0  0  0  0     0
VecAXPBYCZ         68144 2.6 1.7981e-02 2.3 1.57e+05 0.0 0.0e+00 0.0e+00 0.0e+00  0  0  0  0  0   0  0  0  0  0     9
VecWAXPY           5086251.4 1.9386e-0254.9 1.53e+06771.4 0.0e+00 0.0e+00 0.0e+00  0  9  0  0  0   0  9  0  0  0   226
VecMAXPY           12230 0.0 9.8133e-03 0.0 3.25e+05 0.0 0.0e+00 0.0e+00 0.0e+00  0  1  0  0  0   0  1  0  0  0    33
VecSwap            26137 0.0 1.0152e-02 0.0 1.18e+06 0.0 0.0e+00 0.0e+00 0.0e+00  0  7  0  0  0   0  7  0  0  0   332
VecOps               989 0.0 3.8171e-04 0.0 1.48e+04 0.0 0.0e+00 0.0e+00 0.0e+00  0  0  0  0  0   0  0  0  0  0   111
VecAssemblyBegin   1223012230.0 1.0851e-02 0.0 2.44e+06 0.0 0.0e+00 0.0e+00 0.0e+00  0 14  0  0  0   0 14  0  0  0   644
VecAssemblyEnd         1 0.0 0.0000e+00 0.0 0.00e+00 0.0 0.0e+00 0.0e+00 0.0e+00  0  0  0  0  0   0  0  0  0  0     0
VecLoad                1 0.0 1.7881e-04 0.0 0.00e+00 0.0 0.0e+00 0.0e+00 0.0e+00  0  0  0  0  0   0  0  0  0  0     0
VecScatterBegin    11241 0.0 2.4829e-01 0.0 0.00e+00 0.0 2.2e+04 1.6e+01 0.0e+00  1  0  3  1  0   1  0  3  1  0     0
VecScatterEnd      11241 0.0 5.9998e-01 0.0 0.00e+00 0.0 0.0e+00 0.0e+00 0.0e+00  2  0  0  0  0   2  0  0  0  0     0
VecReduceArith     11241 3.8 3.2423e-01457.4 8.90e+03 0.0 6.7e+04 1.6e+01 0.0e+00  3  0  9  3  0   3  0  9  3  0     0
VecReduceBarrier   11241 0.0 3.3781e-01 0.0 0.00e+00 0.0 0.0e+00 0.0e+00 0.0e+00  3  0  0  0  0   3  0  0  0  0     0
VecReduceComm        989 0.0 6.5603e-02 0.0 0.00e+00 0.0 0.0e+00 0.0e+00 2.5e+02  0  0  0  0  1   0  0  0  0  1     0
VecReduceBegin      2967 0.0 7.8535e-04 0.0 8.60e+04 0.0 0.0e+00 0.0e+00 0.0e+00  0  0  0  0  0   0  0  0  0  0   314
VecNormalize       1223012.4 9.7739e-0113.4 7.34e+04 0.0 0.0e+00 0.0e+00 3.8e+03  4  0  0  0 14   4  0  0  0 14     0
MatMult            11241 0.0 8.7167e-01 0.0 2.47e+05 0.0 2.2e+04 1.6e+01 0.0e+00  3  0  3  1  0   3  0  3  1  0     0
MatMults           12230 0.0 1.0893e+00 0.0 5.50e+05 0.0 0.0e+00 0.0e+00 9.2e+03 11  3  0  0 34  11  3  0  0 34     1
MatMultAdd         11241 0.0 6.8697e-01 0.0 4.08e+06 0.0 6.7e+04 1.6e+01 0.0e+00  6 24  9  3  0   6 24  9  3  0    17
MatSolve           12230 0.0 9.9401e-03 0.0 7.34e+04 0.0 0.0e+00 0.0e+00 0.0e+00  0  0  0  0  0   0  0  0  0  0     7
MatSolveTranspos   12230 0.0 1.5739e-02 0.0 4.24e+06 0.0 0.0e+00 0.0e+00 0.0e+00  0 25  0  0  0   0 25  0  0  0   792
MatLUFactorSym         1 0.0 1.8120e-05 0.0 0.00e+00 0.0 0.0e+00 0.0e+00 0.0e+00  0  0  0  0  0   0  0  0  0  0     0
MatLUFactorNum       989 0.0 1.7817e-03 0.0 4.94e+03 0.0 0.0e+00 0.0e+00 0.0e+00  0  0  0  0  0   0  0  0  0  0     3
MatCholFctrSym         1 0.0 2.7180e-05 0.0 0.00e+00 0.0 0.0e+00 0.0e+00 0.0e+00  0  0  0  0  0   0  0  0  0  0     0
MatCholFctrNum       989 0.0 7.3543e-03 0.0 8.75e+05 0.0 0.0e+00 0.0e+00 0.0e+00  0  5  0  0  0   0  5  0  0  0   335
MatAssemblyBegin     992 0.0 1.3655e-01 0.0 0.00e+00 0.0 0.0e+00 0.0e+00 5.0e+02  0  0  0  0  2   0  0  0  0  2     0
MatAssemblyEnd       992 0.0 3.7899e-03 0.0 0.00e+00 0.0 4.0e+00 6.0e+00 2.0e+00  0  0  0  0  0   0  0  0  0  0     0
MatGetValues         99155.1 1.6826e-0133607.1 0.00e+00 0.0 0.0e+00 0.0e+00 1.5e+03  2  0  0  0  5   2  0  0  0  5     0
MatGetRow            991 0.0 4.3895e-03 0.0 0.00e+00 0.0 1.2e+01 6.0e+00 6.0e+00  0  0  0  0  0   0  0  0  0  0     0
MatGetRowIJ            2 0.0 9.0599e-06 0.0 0.00e+00 0.0 0.0e+00 0.0e+00 0.0e+00  0  0  0  0  0   0  0  0  0  0     0
MatGetOrdering         2 2.0 9.6798e-05 9.4 0.00e+00 0.0 0.0e+00 0.0e+00 0.0e+00  0  0  0  0  0   0  0  0  0  0     0
MatCoarsen             1 0.0 3.3855e-05 0.0 0.00e+00 0.0 0.0e+00 0.0e+00 0.0e+00  0  0  0  0  0   0  0  0  0  0     0
MatZeroEntries       989 0.0 8.1944e-04 0.0 0.00e+00 0.0 0.0e+00 0.0e+00 0.0e+00  0  0  0  0  0   0  0  0  0  0     0
MatLoad                1 0.0 5.3167e-05 0.0 0.00e+00 0.0 0.0e+00 0.0e+00 0.0e+00  0  0  0  0  0   0  0  0  0  0     0
MatAXPY              989 0.0 9.4581e-04 0.0 0.00e+00 0.0 0.0e+00 0.0e+00 0.0e+00  0  0  0  0  0   0  0  0  0  0     0
MatFDColorCreate       1 0.0 2.5892e-04 0.0 0.00e+00 0.0 0.0e+00 0.0e+00 5.0e-01  0  0  0  0  0   0  0  0  0  0     0
MatFDColorSetUp        1 0.0 7.8230e-03 0.0 0.00e+00 0.0 0.0e+00 0.0e+00 2.4e+01  0  0  0  0  0   0  0  0  0  0     0
MatFDColorApply      989 0.0 3.4221e+00 0.0 3.41e+05 0.0 1.5e+05 1.6e+01 4.9e+02 12  1 20  7  2  12  1 20  7  2     0
MatFDColorFunc     2472224722.0 3.2498e+0022418.6 2.46e+05 0.0 1.5e+05 1.6e+01 1.5e+00 12  0 20  7  0  12  0 20  7  0     0
MatTranspose           1 0.0 7.8301e-03 0.0 0.00e+00 0.0 0.0e+00 0.0e+00 7.2e+01  0  0  0  0  0   0  0  0  0  0     0
MatMatMult           989 0.0 3.4317e+00 0.0 2.56e+06 0.0 4.4e+05 6.5e+01 1.5e+03 37 14 61 82  5  37 14 61 82  5     2
MatMatSolve        24722 0.0 3.2365e+00 0.0 1.85e+06 0.0 4.4e+05 6.5e+01 0.0e+00 35 10 61 82  0  35 10 61 82  0     2
MatColoringApply       1 0.0 5.6911e-04 0.0 0.00e+00 0.0 5.0e-01 4.0e+00 7.5e-01  0  0  0  0  0   0  0  0  0  0     0
MatColoringIS          1 0.0 5.7602e-04 0.0 0.00e+00 0.0 2.5e+00 4.0e+00 2.2e+00  0  0  0  0  0   0  0  0  0  0     0
BuildTwoSided          7 0.0 2.1517e-03 0.0 0.00e+00 0.0 5.0e-01 4.0e+00 0.0e+00  0  0  0  0  0   0  0  0  0  0     0
DMPlexPrealloc         1 1.0 1.6938e-02 1.3 0.00e+00 0.0 9.6e+01 1.6e+01 1.7e+01  0  0  0  0  0   0  0  0  0  0     0
SFSetGraph             7 1.0 2.0981e-05 1.4 0.00e+00 0.0 0.0e+00 0.0e+00 0.0e+00  0  0  0  0  0   0  0  0  0  0     0
SFBcastBegin       53359 1.0 1.0944e+00 7.8 0.00e+00 0.0 4.3e+05 5.3e+01 0.0e+00 10  0 58 64  0  10  0 58 64  0     0
SFBcastEnd         53359 1.0 2.4528e+0030.8 0.00e+00 0.0 0.0e+00 0.0e+00 0.0e+00 15  0  0  0  0  15  0  0  0  0     0
SFReduceBegin      26720 1.0 6.5259e-0110.7 0.00e+00 0.0 2.1e+05 5.3e+01 0.0e+00  6  0 29 32  0   6  0 29 32  0     0
SFReduceEnd        26720 1.0 1.9536e+0041.6 0.00e+00 0.0 0.0e+00 0.0e+00 0.0e+00 15  0  0  0  0  15  0  0  0  0     0
SFFetchOpBegin         1 1.0 1.0967e-0511.5 0.00e+00 0.0 4.0e+00 3.2e+01 0.0e+00  0  0  0  0  0   0  0  0  0  0     0
SFFetchOpEnd           1 1.0 4.6015e-05 2.3 0.00e+00 0.0 4.0e+00 3.2e+01 0.0e+00  0  0  0  0  0   0  0  0  0  0     0
TSStep               501 1.0 6.9202e+00 1.0 1.70e+0713.0 7.3e+05 4.8e+01 2.7e+04 99100100100 99  99100100100 99     7
TSFunctionEval     26638 1.0 3.4868e+00 1.0 0.00e+00 0.0 6.4e+05 5.3e+01 0.0e+00 49  0 87 96  0  50  0 88 96  0     0
SNESSolve            503 1.0 6.8551e+00 1.0 1.70e+0713.0 7.2e+05 4.8e+01 2.7e+04 98100 98 98100  98100 98 98100     7
SNESFunctionEval   26214 1.0 3.4540e+00 1.0 1.18e+06 7.5 6.3e+05 5.3e+01 0.0e+00 49  7 86 94  0  49  7 86 94  0     1
SNESJacobianEval     989 1.0 3.4446e+00 1.0 2.56e+06 7.5 5.9e+05 5.3e+01 2.1e+03 49 15 81 89  8  49 15 81 89  8     2
SNESLineSearch       989 1.0 2.4302e-01 1.0 1.75e+05 8.4 2.4e+04 5.3e+01 9.9e+02  3  1  3  4  4   3  1  3  4  4     2
KSPGMRESOrthog     11241 1.0 1.2001e+00 1.4 4.13e+06 8.4 0.0e+00 0.0e+00 1.1e+04 15 24  0  0 41  15 24  0  0 42    10
KSPSetUp            1978 1.0 7.2145e-04 1.7 0.00e+00 0.0 0.0e+00 0.0e+00 0.0e+00  0  0  0  0  0   0  0  0  0  0     0
KSPSolve             989 1.0 3.0321e+00 1.0 1.43e+0715.2 9.0e+04 1.6e+01 2.3e+04 43 83 12  4 87  44 83 12  4 87    14
PCSetUp             1978 1.0 1.1346e-02 1.9 8.75e+05177.0 0.0e+00 0.0e+00 0.0e+00  0  5  0  0  0   0  5  0  0  0   218
PCSetUpOnBlocks      989 1.0 1.0867e-02 2.0 8.75e+05177.0 0.0e+00 0.0e+00 0.0e+00  0  5  0  0  0   0  5  0  0  0   227
PCApply            12230 1.0 2.8586e-01 1.1 4.24e+0657.8 0.0e+00 0.0e+00 0.0e+00  4 25  0  0  0   4 25  0  0  0    44

--- Event Stage 1: Create network

VecMax                13 0.0 7.3256e-03 0.0 0.00e+00 0.0 1.4e+01 4.0e+00 0.0e+00  0  0  0  0  0  33  0  5  0  0     0
VecSet                 2 0.0 9.5367e-07 0.0 0.00e+00 0.0 0.0e+00 0.0e+00 0.0e+00  0  0  0  0  0   0  0  0  0  0     0
VecAXPBYCZ             2 0.0 2.1458e-06 0.0 0.00e+00 0.0 0.0e+00 0.0e+00 0.0e+00  0  0  0  0  0   0  0  0  0  0     0
BuildTwoSided         13 0.0 7.1986e-03 0.0 0.00e+00 0.0 2.4e+01 4.0e+00 0.0e+00  0  0  0  0  0  15  0  9  0  0     0
Mesh Partition         1 1.0 3.2790e-03 1.0 0.00e+00 0.0 1.2e+02 7.2e+00 6.0e+00  0  0  0  0  0  27  0 45  3 38     0
Mesh Migration         1 1.0 1.8930e-03 1.1 0.00e+00 0.0 7.8e+01 1.9e+01 3.0e+00  0  0  0  0  0  16  0 30  6 19     0
DMPlexDistribute       1 1.0 5.2810e-03 1.0 0.00e+00 0.0 2.0e+02 1.3e+01 9.0e+00  0  0  0  0  0  44  0 78 10 56     0
DMPlexDistCones        1 1.0 7.0405e-04 1.0 0.00e+00 0.0 3.2e+01 1.8e+01 0.0e+00  0  0  0  0  0   6  0 12  2  0     0
DMPlexDistLabels       1 1.0 1.4806e-04 1.3 0.00e+00 0.0 0.0e+00 0.0e+00 1.0e+00  0  0  0  0  0   1  0  0  0  6     0
DMPlexDistField        1 1.0 4.8804e-04 1.2 0.00e+00 0.0 3.2e+01 2.0e+01 0.0e+00  0  0  0  0  0   4  0 12  2  0     0
DMPlexDistData         2 1.0 7.0012e-03 2.7 0.00e+00 0.0 1.3e+02 1.8e+02 0.0e+00  0  0  0  0  0  46  0 52 91  0     0
DMPlexStratify         2 1.0 3.7003e-04 1.4 0.00e+00 0.0 0.0e+00 0.0e+00 2.0e+00  0  0  0  0  0   3  0  0  0 12     0
SFSetGraph            13 1.0 1.6241e-0336.0 0.00e+00 0.0 0.0e+00 0.0e+00 0.0e+00  0  0  0  0  0   4  0  0  0  0     0
SFBcastBegin          26 1.0 8.6410e-03 2.7 0.00e+00 0.0 2.5e+02 1.0e+02 0.0e+00  0  0  0  0  0  55  0 98 99  0     0
SFBcastEnd            26 1.0 5.7070e-0327.6 0.00e+00 0.0 0.0e+00 0.0e+00 0.0e+00  0  0  0  0  0  17  0  0  0  0     0
SFReduceBegin          1 1.0 2.0981e-05 3.0 0.00e+00 0.0 4.0e+00 4.4e+01 0.0e+00  0  0  0  0  0   0  0  2  1  0     0
SFReduceEnd            1 1.0 5.2929e-0555.5 0.00e+00 0.0 0.0e+00 0.0e+00 0.0e+00  0  0  0  0  0   0  0  0  0  0     0
------------------------------------------------------------------------------------------------------------------------

Memory usage is given in bytes:

Object Type          Creations   Destructions     Memory  Descendants' Mem.
Reports information only for process 0.

--- Event Stage 0: Main Stage

              Viewer     3              2         1632     0.
              Vector    48             49        80800     0.
      Vector Scatter     1              1         1072     0.
              Matrix     6              7        30520     0.
  Matrix FD Coloring     1              1         1312     0.
     Matrix Coloring     1              1          632     0.
    Distributed Mesh     2              4        19464     0.
    GraphPartitioner     0              1          604     0.
           Index Set    33             35        27488     0.
   IS L to G Mapping     1              1          648     0.
             Section     4             12         8352     0.
Star Forest Bipartite Graph     9             12         9896     0.
     Discrete System     2              4         3456     0.
             TSAdapt     1              1         1216     0.
                  TS     1              1         2048     0.
                DMTS     1              1          736     0.
                SNES     1              1         1356     0.
      SNESLineSearch     1              1          992     0.
              DMSNES     2              2         1328     0.
       Krylov Solver     2              2        19576     0.
     DMKSP interface     1              1          648     0.
      Preconditioner     2              2         2064     0.

--- Event Stage 1: Create network

              Vector     2              1         1672     0.
              Matrix     2              1         2744     0.
    Distributed Mesh     5              3        14784     0.
    GraphPartitioner     2              1          604     0.
           Index Set    40             38        29792     0.
   IS L to G Mapping     2              2         1356     0.
             Section    22             14         9744     0.
Star Forest Bipartite Graph    23             20        16512     0.
     Discrete System     5              3         2592     0.
========================================================================================================================
Average time to get PetscTime(): 0.
Average time for MPI_Barrier(): 0.000110197
Average time for zero size MPI_Send(): 6.30021e-05
#PETSc Option Table entries:
-alg_pc_factor_mat_ordering_type qmd
-alg_pc_type bjacobi
-alg_snes_linesearch_type basic
-alg_sub_pc_factor_shift_type NONZERO
-alg_sub_pc_type lu
-log_view
-pc_factor_mat_ordering_type qmd
-pc_type lu
-snes_atol 1e-8
-snes_linesearch_type basic
-snes_rtol 1e-8
-ts_exact_final_time MATCHSTEP
-ts_theta_endpoint
-ts_type cn
#End of PETSc Option Table entries
Compiled without FORTRAN kernels
Compiled with full precision matrices (default)
sizeof(short) 2 sizeof(int) 4 sizeof(long) 8 sizeof(void*) 8 sizeof(PetscScalar) 8 sizeof(PetscInt) 4
Configure options: --with-make-np=1 --with-debugging=0 PETSC_ARCH=arch-cs595-o --download-mpich --with-cxx=0 --with-fc=0 --download-f2cblaslapack --download-superlu_dist --download-parmetis --download-metis
-----------------------------------------
Libraries compiled on Fri Nov 18 15:08:25 2016 on fourier.cs.iit.edu 
Machine characteristics: Linux-2.6.32-573.3.1.el6.x86_64-x86_64-with-redhat-6.7-Santiago
Using PETSc directory: /home/class/fall-16/cs595/bguha/soft/petsc
Using PETSc arch: arch-cs595-o
-----------------------------------------

Using C compiler: /home/class/fall-16/cs595/bguha/soft/petsc/arch-cs595-o/bin/mpicc    -Wall -Wwrite-strings -Wno-strict-aliasing -Wno-unknown-pragmas -fvisibility=hidden -g -O  ${COPTFLAGS} ${CFLAGS}
-----------------------------------------

Using include paths: -I/home/class/fall-16/cs595/bguha/soft/petsc/arch-cs595-o/include -I/home/class/fall-16/cs595/bguha/soft/petsc/include -I/home/class/fall-16/cs595/bguha/soft/petsc/include -I/home/class/fall-16/cs595/bguha/soft/petsc/arch-cs595-o/include
-----------------------------------------

Using C linker: /home/class/fall-16/cs595/bguha/soft/petsc/arch-cs595-o/bin/mpicc
Using libraries: -Wl,-rpath,/home/class/fall-16/cs595/bguha/soft/petsc/arch-cs595-o/lib -L/home/class/fall-16/cs595/bguha/soft/petsc/arch-cs595-o/lib -lpetsc -Wl,-rpath,/home/class/fall-16/cs595/bguha/soft/petsc/arch-cs595-o/lib -L/home/class/fall-16/cs595/bguha/soft/petsc/arch-cs595-o/lib -lsuperlu_dist -lparmetis -lmetis -lf2clapack -lf2cblas -lm -lX11 -lssl -lcrypto -lm -ldl 
-----------------------------------------

