Vec Object: 3 MPI processes
  type: mpi
Process [0]
0.626265
0.213858
0.788029
0.622275
1.06652
376.991
2.48913
-0.90043
1.7891
0.322039
1.8521
0.501649
0.105042
Process [1]
0.20631
0.0816038
0.767972
0.624167
0.944729
376.991
3.20439
-2.01921
1.40315
0.252567
1.43772
0.291319
0.0487212
0.000253814
-0.000873622
Process [2]
0.852458
0.019356
1.03229
0.203914
0.254849
376.991
3.33032
-0.0798802
1.06855
0.192339
1.0891
0.665589
-0.0242266
0.590896
-0.0225743
0.425474
-0.044119
Vec Object: 3 MPI processes
  type: mpi
Process [0]
-0.0313385
-0.987905
0.750418
0.612219
5.61042
376.342
1.32984
0.913927
1.66613
0.2688
1.87098
-0.131926
-0.980622
Process [1]
-0.124079
-0.989513
0.77944
0.587042
5.40746
376.479
0.545782
0.567902
1.21589
0.192769
1.37618
-0.184207
-0.964461
-0.170115
-0.986182
Process [2]
-0.211232
-0.975038
0.990958
0.182604
4.73583
376.272
0.347683
0.53069
1.14695
0.176448
1.2875
-0.242227
-0.955677
-0.260319
-0.921585
-0.262359
-0.940165
************************************************************************************************************************
***             WIDEN YOUR WINDOW TO 120 CHARACTERS.  Use 'enscript -r -fCourier9' to print this document            ***
************************************************************************************************************************

---------------------------------------------- PETSc Performance Summary: ----------------------------------------------

./9bus_dm1 on a arch-cs595-o named fourier.cs.iit.edu with 3 processors, by bguha Thu Dec  1 16:04:18 2016
Using Petsc Development GIT revision: v3.7.4-11-g8a741b0  GIT Date: 2016-10-20 16:38:19 +0000

                         Max       Max/Min        Avg      Total 
Time (sec):           3.501e+00      1.00015   3.501e+00
Objects:              2.130e+02      1.09794   2.003e+02
Flops:                1.405e+07      1.21821   1.282e+07  3.845e+07
Flops/sec:            4.014e+06      1.21826   3.661e+06  1.098e+07
MPI Messages:         1.731e+05      1.00034   1.731e+05  5.193e+05
MPI Message Lengths:  1.216e+07      1.25753   6.304e+01  3.274e+07
MPI Reductions:       2.108e+04      1.00000

Flop counting convention: 1 flop = 1 real number operation of type (multiply/divide/add/subtract)
                            e.g., VecAXPY() for real vectors of length N --> 2N flops
                            and VecAXPY() for complex vectors of length N --> 8N flops

Summary of Stages:   ----- Time ------  ----- Flops -----  --- Messages ---  -- Message Lengths --  -- Reductions --
                        Avg     %Total     Avg     %Total   counts   %Total     Avg         %Total   counts   %Total 
 0:      Main Stage: 3.4961e+00  99.9%  3.8448e+07 100.0%  5.191e+05 100.0%  6.299e+01       99.9%  2.106e+04  99.9% 
 1:  Create network: 4.8791e-03   0.1%  0.0000e+00   0.0%  1.755e+02   0.0%  4.983e-02        0.1%  1.600e+01   0.1% 

------------------------------------------------------------------------------------------------------------------------
See the 'Profiling' chapter of the users' manual for details on interpreting output.
Phase summary info:
   Count: number of times phase was executed
   Time and Flops: Max - maximum over all processors
                   Ratio - ratio of maximum to minimum over all processors
   Mess: number of messages sent
   Avg. len: average message length (bytes)
   Reduct: number of global reductions
   Global: entire computation
   Stage: stages of a computation. Set stages with PetscLogStagePush() and PetscLogStagePop().
      %T - percent time in this phase         %F - percent flops in this phase
      %M - percent messages in this phase     %L - percent message lengths in this phase
      %R - percent reductions in this phase
   Total Mflop/s: 10e-6 * (sum of flops over all processors)/(max time over all processors)
------------------------------------------------------------------------------------------------------------------------
Event                Count      Time (sec)     Flops                             --- Global ---  --- Stage ---   Total
                   Max Ratio  Max     Ratio   Max  Ratio  Mess   Avg len Reduct  %T %F %M %L %R  %T %F %M %L %R Mflop/s
------------------------------------------------------------------------------------------------------------------------

--- Event Stage 0: Main Stage

VecView                3 3.0 6.3014e-04 4.4 0.00e+00 0.0 2.0e+00 1.4e+02 2.0e+00  0  0  0  0  0   0  0  0  0  0     0
VecMax                 7 0.0 7.9775e-04 0.0 0.00e+00 0.0 1.2e+01 4.0e+00 0.0e+00  0  0  0  0  0   0  0  0  0  0     0
VecDotBarrier          2 0.0 6.9857e-05 0.0 0.00e+00 0.0 2.0e+00 1.3e+02 0.0e+00  0  0  0  0  0   0  0  0  0  0     0
VecMDot             8284 0.0 3.8791e-01 0.0 1.00e+06 0.0 0.0e+00 0.0e+00 2.8e+03  4  3  0  0 13   4  3  0  0 13     3
VecNormBarrier      8284 0.0 3.8903e-01 0.0 1.32e+06 0.0 0.0e+00 0.0e+00 5.5e+03  7  6  0  0 26   7  6  0  0 26     6
VecNorm             9753 0.0 3.5677e-01 0.0 2.54e+05 0.0 0.0e+00 0.0e+00 3.3e+03  3  1  0  0 15   3  1  0  0 15     1
VecScale            9750 0.0 5.8594e-03 0.0 1.27e+05 0.0 0.0e+00 0.0e+00 0.0e+00  0  0  0  0  0   0  0  0  0  0    22
VecCopy            26595 0.0 8.0926e-03 0.0 0.00e+00 0.0 0.0e+00 0.0e+00 0.0e+00  0  0  0  0  0   0  0  0  0  0     0
VecSet             63870 6.5 3.5415e-0127.4 3.32e+05 0.0 0.0e+00 0.0e+00 6.5e+03  7  2  0  0 31   7  2  0  0 31     2
VecAXPY            49664 5.1 1.2850e-02 2.3 1.29e+06 8.8 0.0e+00 0.0e+00 0.0e+00  0  4  0  0  0   0  4  0  0  0   125
VecAYPX            26595 0.0 8.9092e-03 0.0 0.00e+00 0.0 0.0e+00 0.0e+00 0.0e+00  0  0  0  0  0   0  0  0  0  0     0
VecAXPBYCZ         63869 2.5 1.3173e-02 1.9 9.96e+05 0.0 0.0e+00 0.0e+00 0.0e+00  0  3  0  0  0   0  3  0  0  0    76
VecWAXPY           4966451.5 1.3839e-0267.3 1.69e+06134.6 0.0e+00 0.0e+00 0.0e+00  0  8  0  0  0   0  8  0  0  0   231
VecMAXPY            9249 0.0 6.0103e-03 0.0 1.26e+06 0.0 0.0e+00 0.0e+00 0.0e+00  0  3  0  0  0   0  3  0  0  0   209
VecSwap            25539 0.0 7.6842e-03 0.0 1.30e+06 0.0 0.0e+00 0.0e+00 0.0e+00  0  6  0  0  0   0  6  0  0  0   319
VecOps               965 0.0 2.8038e-04 0.0 1.64e+04 0.0 0.0e+00 0.0e+00 0.0e+00  0  0  0  0  0   0  0  0  0  0   110
VecAssemblyBegin    92499249.0 5.5213e-03 0.0 1.64e+06 0.0 0.0e+00 0.0e+00 0.0e+00  0  8  0  0  0   0  8  0  0  0   560
VecAssemblyEnd         1 0.0 0.0000e+00 0.0 0.00e+00 0.0 0.0e+00 0.0e+00 0.0e+00  0  0  0  0  0   0  0  0  0  0     0
VecLoad                1 0.0 6.6042e-05 0.0 0.00e+00 0.0 0.0e+00 0.0e+00 0.0e+00  0  0  0  0  0   0  0  0  0  0     0
VecScatterBegin     8284 0.0 1.2119e-01 0.0 0.00e+00 0.0 1.7e+04 1.6e+01 0.0e+00  1  0  3  1  0   1  0  3  1  0     0
VecScatterEnd       8284 0.0 6.8454e-02 0.0 0.00e+00 0.0 0.0e+00 0.0e+00 0.0e+00  1  0  0  0  0   1  0  0  0  0     0
VecReduceArith      8284 2.9 1.3869e-01218.9 7.24e+04 0.0 3.3e+04 1.6e+01 0.0e+00  3  0  6  2  0   3  0  6  2  0     1
VecReduceBarrier    8284 0.0 8.4157e-02 0.0 0.00e+00 0.0 0.0e+00 0.0e+00 0.0e+00  1  0  0  0  0   1  0  0  0  0     0
VecReduceComm        965 0.0 3.7918e-02 0.0 0.00e+00 0.0 0.0e+00 0.0e+00 3.2e+02  0  0  0  0  2   0  0  0  0  2     0
VecReduceBegin      2895 0.0 6.3801e-04 0.0 9.55e+04 0.0 0.0e+00 0.0e+00 0.0e+00  0  0  0  0  0   0  0  0  0  0   281
VecNormalize        9249 9.6 3.5078e-0110.5 3.61e+05 0.0 0.0e+00 0.0e+00 3.7e+03  4  1  0  0 18   4  1  0  0 18     1
MatMult             8284 0.0 2.0258e-01 0.0 2.82e+06 0.0 1.7e+04 1.6e+01 0.0e+00  2  7  3  1  0   2  7  3  1  0    14
MatMults            9249 0.0 3.4258e-01 0.0 4.72e+05 0.0 0.0e+00 0.0e+00 6.2e+03  7  2  0  0 29   7  2  0  0 29     3
MatMultAdd          8284 0.0 2.3354e-01 0.0 3.19e+06 0.0 3.3e+04 1.6e+01 0.0e+00  4 16  6  2  0   4 16  6  2  0    27
MatSolve            9249 0.0 9.2683e-03 0.0 3.01e+06 0.0 0.0e+00 0.0e+00 0.0e+00  0  8  0  0  0   0  8  0  0  0   324
MatSolveTranspos    9249 0.0 9.8505e-03 0.0 3.41e+06 0.0 0.0e+00 0.0e+00 0.0e+00  0 17  0  0  0   0 17  0  0  0   672
MatLUFactorSym         1 0.0 1.5020e-05 0.0 0.00e+00 0.0 0.0e+00 0.0e+00 0.0e+00  0  0  0  0  0   0  0  0  0  0     0
MatLUFactorNum       965 0.0 4.1850e-03 0.0 6.95e+05 0.0 0.0e+00 0.0e+00 0.0e+00  0  2  0  0  0   0  2  0  0  0   166
MatCholFctrSym         1 0.0 3.0041e-05 0.0 0.00e+00 0.0 0.0e+00 0.0e+00 0.0e+00  0  0  0  0  0   0  0  0  0  0     0
MatCholFctrNum       965 0.0 4.5688e-03 0.0 8.85e+05 0.0 0.0e+00 0.0e+00 0.0e+00  0  5  0  0  0   0  5  0  0  0   380
MatAssemblyBegin     968 0.0 7.2309e-02 0.0 0.00e+00 0.0 0.0e+00 0.0e+00 6.4e+02  1  0  0  0  3   1  0  0  0  3     0
MatAssemblyEnd       968 0.0 3.4740e-03 0.0 0.00e+00 0.0 4.0e+00 6.0e+00 2.7e+00  0  0  0  0  0   0  0  0  0  0     0
MatGetValues         96753.7 8.0694e-0228204.7 0.00e+00 0.0 0.0e+00 0.0e+00 1.3e+03  1  0  0  0  6   1  0  0  0  6     0
MatGetRow            967 0.0 3.6144e-03 0.0 0.00e+00 0.0 8.0e+00 6.0e+00 5.3e+00  0  0  0  0  0   0  0  0  0  0     0
MatGetRowIJ            2 0.0 8.1062e-06 0.0 0.00e+00 0.0 0.0e+00 0.0e+00 0.0e+00  0  0  0  0  0   0  0  0  0  0     0
MatGetOrdering         2 2.0 2.3842e-05 3.4 0.00e+00 0.0 0.0e+00 0.0e+00 0.0e+00  0  0  0  0  0   0  0  0  0  0     0
MatCoarsen             1 0.0 4.1008e-05 0.0 0.00e+00 0.0 0.0e+00 0.0e+00 0.0e+00  0  0  0  0  0   0  0  0  0  0     0
MatZeroEntries       965 0.0 8.3733e-04 0.0 0.00e+00 0.0 0.0e+00 0.0e+00 0.0e+00  0  0  0  0  0   0  0  0  0  0     0
MatLoad                1 0.0 5.0068e-05 0.0 0.00e+00 0.0 0.0e+00 0.0e+00 0.0e+00  0  0  0  0  0   0  0  0  0  0     0
MatAXPY              965 0.0 8.6093e-04 0.0 0.00e+00 0.0 0.0e+00 0.0e+00 0.0e+00  0  0  0  0  0   0  0  0  0  0     0
MatFDColorCreate       1 0.0 1.6308e-04 0.0 0.00e+00 0.0 0.0e+00 0.0e+00 6.7e-01  0  0  0  0  0   0  0  0  0  0     0
MatFDColorSetUp        1 0.0 5.8720e-03 0.0 0.00e+00 0.0 0.0e+00 0.0e+00 3.2e+01  0  0  0  0  0   0  0  0  0  0     0
MatFDColorApply      965 0.0 2.0802e+00 0.0 2.17e+06 0.0 1.4e+05 6.0e+01 6.4e+02 20  6 28 27  3  20  6 28 27  3     1
MatFDColorFunc     2412324123.0 1.9766e+0012429.2 1.56e+06 0.0 1.4e+05 6.0e+01 1.3e+00 19  4 28 27  0  19  4 28 27  0     1
MatTranspose           1 0.0 5.8720e-03 0.0 0.00e+00 0.0 0.0e+00 0.0e+00 6.4e+01  0  0  0  0  0   0  0  0  0  0     0
MatMatMult           965 0.0 2.0802e+00 0.0 2.83e+06 0.0 2.9e+05 7.2e+01 1.3e+03 40 14 56 64  6  40 14 56 64  6     3
MatMatSolve        24123 0.0 1.9805e+00 0.0 2.05e+06 0.0 2.9e+05 7.2e+01 0.0e+00 38 10 56 64  0  38 10 56 64  0     2
MatColoringApply       1 0.0 2.8682e-04 0.0 0.00e+00 0.0 5.0e-01 4.0e+00 1.0e+00  0  0  0  0  0   0  0  0  0  0     0
MatColoringIS          1 0.0 3.2091e-04 0.0 0.00e+00 0.0 1.5e+00 4.0e+00 2.0e+00  0  0  0  0  0   0  0  0  0  0     0
BuildTwoSided          7 0.0 7.7510e-04 0.0 0.00e+00 0.0 5.0e-01 4.0e+00 0.0e+00  0  0  0  0  0   0  0  0  0  0     0
DMPlexPrealloc         1 1.0 2.2609e-03 1.0 0.00e+00 0.0 7.2e+01 1.6e+01 1.7e+01  0  0  0  0  0   0  0  0  0  0     0
SFSetGraph             7 1.0 2.2650e-05 2.0 0.00e+00 0.0 0.0e+00 0.0e+00 0.0e+00  0  0  0  0  0   0  0  0  0  0     0
SFBcastBegin       52138 1.0 9.0102e-01 9.5 0.00e+00 0.0 3.1e+05 6.8e+01 0.0e+00 15  0 60 65  0  15  0 60 65  0     0
SFBcastEnd         52138 1.0 1.2894e+0020.1 0.00e+00 0.0 0.0e+00 0.0e+00 0.0e+00 20  0  0  0  0  20  0  0  0  0     0
SFReduceBegin      26097 1.0 4.5211e-0111.5 0.00e+00 0.0 1.6e+05 6.8e+01 0.0e+00  7  0 30 33  0   7  0 30 33  0     0
SFReduceEnd        26097 1.0 8.8399e-0125.5 0.00e+00 0.0 0.0e+00 0.0e+00 0.0e+00 10  0  0  0  0  10  0  0  0  0     0
SFFetchOpBegin         1 1.0 1.3113e-0513.8 0.00e+00 0.0 3.0e+00 3.2e+01 0.0e+00  0  0  0  0  0   0  0  0  0  0     0
SFFetchOpEnd           1 1.0 3.0994e-05 1.3 0.00e+00 0.0 3.0e+00 3.2e+01 0.0e+00  0  0  0  0  0   0  0  0  0  0     0
TSStep               501 1.0 3.4778e+00 1.0 1.40e+07 1.2 5.2e+05 6.3e+01 2.1e+04 99100100100 99  99100100100 99    11
TSFunctionEval     26040 1.0 2.0809e+00 1.0 0.00e+00 0.0 4.7e+05 6.8e+01 0.0e+00 59  0 90 97  0  59  0 90 97  0     0
SNESSolve            503 1.0 3.4469e+00 1.0 1.40e+07 1.2 5.1e+05 6.3e+01 2.1e+04 98100 98 98100  98100 98 98100    11
SNESFunctionEval   25591 1.0 2.0788e+00 1.0 1.30e+06 1.3 4.6e+05 6.8e+01 0.0e+00 59  9 89 96  0  59  9 89 96  0     2
SNESJacobianEval     965 1.0 2.0904e+00 1.0 2.83e+06 1.3 4.3e+05 6.8e+01 2.0e+03 60 20 84 90 10  60 20 84 90 10     4
SNESLineSearch       965 1.0 1.2691e-01 1.0 1.94e+05 1.3 1.7e+04 6.8e+01 9.6e+02  4  1  3  4  5   4  1  3  4  5     4
KSPGMRESOrthog      8284 1.0 4.0240e-01 1.0 2.68e+06 1.3 0.0e+00 0.0e+00 8.3e+03 11 18  0  0 39  11 18  0  0 39    18
KSPSetUp            1930 1.0 6.6113e-04 1.7 0.00e+00 0.0 0.0e+00 0.0e+00 0.0e+00  0  0  0  0  0   0  0  0  0  0     0
KSPSolve             965 1.0 1.1468e+00 1.0 1.10e+07 1.2 5.0e+04 1.6e+01 1.8e+04 33 79 10  2 83  33 79 10  2 83    26
PCSetUp             1930 1.0 7.9494e-03 1.1 8.85e+05 1.3 0.0e+00 0.0e+00 0.0e+00  0  6  0  0  0   0  6  0  0  0   306
PCSetUpOnBlocks      965 1.0 7.3712e-03 1.0 8.85e+05 1.3 0.0e+00 0.0e+00 0.0e+00  0  6  0  0  0   0  6  0  0  0   330
PCApply             9249 1.0 1.4885e-01 1.0 3.41e+06 1.1 0.0e+00 0.0e+00 0.0e+00  4 25  0  0  0   4 25  0  0  0    65

--- Event Stage 1: Create network

VecMax                13 0.0 1.2696e-03 0.0 0.00e+00 0.0 7.5e+00 4.0e+00 0.0e+00  0  0  0  0  0  16  0  4  0  0     0
VecSet                 2 0.0 0.0000e+00 0.0 0.00e+00 0.0 0.0e+00 0.0e+00 0.0e+00  0  0  0  0  0   0  0  0  0  0     0
VecAXPBYCZ             2 0.0 2.1458e-06 0.0 0.00e+00 0.0 0.0e+00 0.0e+00 0.0e+00  0  0  0  0  0   0  0  0  0  0     0
BuildTwoSided         13 0.0 1.1353e-03 0.0 0.00e+00 0.0 1.8e+01 4.0e+00 0.0e+00  0  0  0  0  0   8  0 10  0  0     0
Mesh Partition         1 1.0 1.5810e-03 1.0 0.00e+00 0.0 6.9e+01 9.4e+00 6.0e+00  0  0  0  0  0  32  0 39  3 38     0
Mesh Migration         1 1.0 1.4269e-03 1.0 0.00e+00 0.0 5.8e+01 2.4e+01 3.0e+00  0  0  0  0  0  29  0 33  5 19     0
DMPlexDistribute       1 1.0 3.1278e-03 1.0 0.00e+00 0.0 1.3e+02 1.8e+01 9.0e+00  0  0  0  0  0  64  0 76  9 56     0
DMPlexDistCones        1 1.0 5.9795e-04 1.0 0.00e+00 0.0 2.4e+01 2.4e+01 0.0e+00  0  0  0  0  0  12  0 14  2  0     0
DMPlexDistLabels       1 1.0 8.3923e-05 1.0 0.00e+00 0.0 0.0e+00 0.0e+00 1.0e+00  0  0  0  0  0   2  0  0  0  6     0
DMPlexDistField        1 1.0 3.7885e-04 1.0 0.00e+00 0.0 2.4e+01 2.4e+01 0.0e+00  0  0  0  0  0   8  0 14  2  0     0
DMPlexDistData         2 1.0 1.1060e-03 1.1 0.00e+00 0.0 8.2e+01 2.9e+02 0.0e+00  0  0  0  0  0  22  0 47 91  0     0
DMPlexStratify         2 1.0 2.4605e-04 1.2 0.00e+00 0.0 0.0e+00 0.0e+00 2.0e+00  0  0  0  0  0   5  0  0  0 12     0
SFSetGraph            13 1.0 5.9605e-05 1.2 0.00e+00 0.0 0.0e+00 0.0e+00 0.0e+00  0  0  0  0  0   1  0  0  0  0     0
SFBcastBegin          26 1.0 2.3131e-03 1.3 0.00e+00 0.0 1.7e+02 1.5e+02 0.0e+00  0  0  0  0  0  40  0 98 99  0     0
SFBcastEnd            26 1.0 8.7309e-04 4.2 0.00e+00 0.0 0.0e+00 0.0e+00 0.0e+00  0  0  0  0  0  13  0  0  0  0     0
SFReduceBegin          1 1.0 1.7881e-05 2.6 0.00e+00 0.0 3.0e+00 5.6e+01 0.0e+00  0  0  0  0  0   0  0  2  1  0     0
SFReduceEnd            1 1.0 3.2187e-0516.9 0.00e+00 0.0 0.0e+00 0.0e+00 0.0e+00  0  0  0  0  0   0  0  0  0  0     0
------------------------------------------------------------------------------------------------------------------------

Memory usage is given in bytes:

Object Type          Creations   Destructions     Memory  Descendants' Mem.
Reports information only for process 0.

--- Event Stage 0: Main Stage

              Viewer     3              2         1632     0.
              Vector    38             39        67080     0.
      Vector Scatter     1              1         1072     0.
              Matrix     6              7        34832     0.
  Matrix FD Coloring     1              1         4956     0.
     Matrix Coloring     1              1          632     0.
    Distributed Mesh     2              4        19464     0.
    GraphPartitioner     0              1          604     0.
           Index Set    33             35        27636     0.
   IS L to G Mapping     1              1          692     0.
             Section     4             12         8352     0.
Star Forest Bipartite Graph     9             12         9896     0.
     Discrete System     2              4         3456     0.
             TSAdapt     1              1         1216     0.
                  TS     1              1         2048     0.
                DMTS     1              1          736     0.
                SNES     1              1         1356     0.
      SNESLineSearch     1              1          992     0.
              DMSNES     2              2         1328     0.
       Krylov Solver     2              2        19576     0.
     DMKSP interface     1              1          648     0.
      Preconditioner     2              2         2064     0.

--- Event Stage 1: Create network

              Vector     2              1         1672     0.
              Matrix     2              1         2744     0.
    Distributed Mesh     5              3        14784     0.
    GraphPartitioner     2              1          604     0.
           Index Set    37             35        27440     0.
   IS L to G Mapping     2              2         1376     0.
             Section    22             14         9744     0.
Star Forest Bipartite Graph    23             20        16512     0.
     Discrete System     5              3         2592     0.
========================================================================================================================
Average time to get PetscTime(): 9.53674e-08
Average time for MPI_Barrier(): 4.72069e-05
Average time for zero size MPI_Send(): 1.66098e-05
#PETSc Option Table entries:
-alg_pc_factor_mat_ordering_type qmd
-alg_pc_type bjacobi
-alg_snes_linesearch_type basic
-alg_sub_pc_factor_shift_type NONZERO
-alg_sub_pc_type lu
-log_view
-pc_factor_mat_ordering_type qmd
-pc_type lu
-snes_atol 1e-8
-snes_linesearch_type basic
-snes_rtol 1e-8
-ts_exact_final_time MATCHSTEP
-ts_theta_endpoint
-ts_type cn
#End of PETSc Option Table entries
Compiled without FORTRAN kernels
Compiled with full precision matrices (default)
sizeof(short) 2 sizeof(int) 4 sizeof(long) 8 sizeof(void*) 8 sizeof(PetscScalar) 8 sizeof(PetscInt) 4
Configure options: --with-make-np=1 --with-debugging=0 PETSC_ARCH=arch-cs595-o --download-mpich --with-cxx=0 --with-fc=0 --download-f2cblaslapack --download-superlu_dist --download-parmetis --download-metis
-----------------------------------------
Libraries compiled on Fri Nov 18 15:08:25 2016 on fourier.cs.iit.edu 
Machine characteristics: Linux-2.6.32-573.3.1.el6.x86_64-x86_64-with-redhat-6.7-Santiago
Using PETSc directory: /home/class/fall-16/cs595/bguha/soft/petsc
Using PETSc arch: arch-cs595-o
-----------------------------------------

Using C compiler: /home/class/fall-16/cs595/bguha/soft/petsc/arch-cs595-o/bin/mpicc    -Wall -Wwrite-strings -Wno-strict-aliasing -Wno-unknown-pragmas -fvisibility=hidden -g -O  ${COPTFLAGS} ${CFLAGS}
-----------------------------------------

Using include paths: -I/home/class/fall-16/cs595/bguha/soft/petsc/arch-cs595-o/include -I/home/class/fall-16/cs595/bguha/soft/petsc/include -I/home/class/fall-16/cs595/bguha/soft/petsc/include -I/home/class/fall-16/cs595/bguha/soft/petsc/arch-cs595-o/include
-----------------------------------------

Using C linker: /home/class/fall-16/cs595/bguha/soft/petsc/arch-cs595-o/bin/mpicc
Using libraries: -Wl,-rpath,/home/class/fall-16/cs595/bguha/soft/petsc/arch-cs595-o/lib -L/home/class/fall-16/cs595/bguha/soft/petsc/arch-cs595-o/lib -lpetsc -Wl,-rpath,/home/class/fall-16/cs595/bguha/soft/petsc/arch-cs595-o/lib -L/home/class/fall-16/cs595/bguha/soft/petsc/arch-cs595-o/lib -lsuperlu_dist -lparmetis -lmetis -lf2clapack -lf2cblas -lm -lX11 -lssl -lcrypto -lm -ldl 
-----------------------------------------

